kotlin version: 2.2.21
error message: Incremental compilation failed: Error occurred in server thread; nested exception is: 
	java.lang.OutOfMemoryError: Java heap space
java.rmi.ServerError: Error occurred in server thread; nested exception is: 
	java.lang.OutOfMemoryError: Java heap space
	at java.rmi/sun.rmi.server.UnicastServerRef.dispatch(UnicastServerRef.java:380)
	at java.rmi/sun.rmi.transport.Transport.serviceCall(Transport.java:166)
	at java.rmi/sun.rmi.transport.tcp.TCPTransport.handleMessages(TCPTransport.java:543)
	at java.rmi/sun.rmi.transport.tcp.TCPTransport$ConnectionHandler.run0(TCPTransport.java:744)
	at java.rmi/sun.rmi.transport.tcp.TCPTransport$ConnectionHandler.run(TCPTransport.java:623)
	at java.base/java.util.concurrent.ThreadPoolExecutor.runWorker(ThreadPoolExecutor.java:1090)
	at java.base/java.util.concurrent.ThreadPoolExecutor$Worker.run(ThreadPoolExecutor.java:614)
	at java.base/java.lang.Thread.run(Thread.java:1474)
	at java.rmi/sun.rmi.transport.StreamRemoteCall.exceptionReceivedFromServer(StreamRemoteCall.java:298)
	at java.rmi/sun.rmi.transport.StreamRemoteCall.executeCall(StreamRemoteCall.java:274)
	at java.rmi/sun.rmi.server.UnicastRef.invoke(UnicastRef.java:162)
	at java.rmi/java.rmi.server.RemoteObjectInvocationHandler.invokeRemoteMethod(RemoteObjectInvocationHandler.java:215)
	at java.rmi/java.rmi.server.RemoteObjectInvocationHandler.invoke(RemoteObjectInvocationHandler.java:160)
	at jdk.proxy1/jdk.proxy1.$Proxy1.report(Unknown Source)
	at org.jetbrains.kotlin.daemon.common.CompilerServicesFacadeBaseKt.report(CompilerServicesFacadeBase.kt:46)
	at org.jetbrains.kotlin.daemon.common.CompilerServicesFacadeBaseKt.report$default(CompilerServicesFacadeBase.kt:45)
	at org.jetbrains.kotlin.daemon.report.CompileServicesFacadeMessageCollector.report(CompileServicesFacadeMessageCollector.kt:41)
	at org.jetbrains.kotlin.cli.common.messages.MessageCollectorImpl.forward(MessageCollectorImpl.kt:21)
	at org.jetbrains.kotlin.incremental.IncrementalCompilerRunner.doCompile(IncrementalCompilerRunner.kt:535)
	at org.jetbrains.kotlin.incremental.IncrementalCompilerRunner.compileImpl(IncrementalCompilerRunner.kt:416)
	at org.jetbrains.kotlin.incremental.IncrementalCompilerRunner.tryCompileIncrementally$lambda$0$compile(IncrementalCompilerRunner.kt:249)
	at org.jetbrains.kotlin.incremental.IncrementalCompilerRunner.tryCompileIncrementally(IncrementalCompilerRunner.kt:267)
	at org.jetbrains.kotlin.incremental.IncrementalCompilerRunner.compile(IncrementalCompilerRunner.kt:119)
	at org.jetbrains.kotlin.daemon.CompileServiceImplBase.execIncrementalCompiler(CompileServiceImpl.kt:684)
	at org.jetbrains.kotlin.daemon.CompileServiceImplBase.access$execIncrementalCompiler(CompileServiceImpl.kt:94)
	at org.jetbrains.kotlin.daemon.CompileServiceImpl.compile(CompileServiceImpl.kt:1810)
	at java.base/jdk.internal.reflect.DirectMethodHandleAccessor.invoke(DirectMethodHandleAccessor.java:104)
	at java.base/java.lang.reflect.Method.invoke(Method.java:565)
	at java.rmi/sun.rmi.server.UnicastServerRef.dispatch(UnicastServerRef.java:351)
	at java.rmi/sun.rmi.transport.Transport.serviceCall(Transport.java:166)
	at java.rmi/sun.rmi.transport.tcp.TCPTransport.handleMessages(TCPTransport.java:543)
	at java.rmi/sun.rmi.transport.tcp.TCPTransport$ConnectionHandler.run0(TCPTransport.java:744)
	at java.rmi/sun.rmi.transport.tcp.TCPTransport$ConnectionHandler.run(TCPTransport.java:623)
	at java.base/java.util.concurrent.ThreadPoolExecutor.runWorker(ThreadPoolExecutor.java:1090)
	at java.base/java.util.concurrent.ThreadPoolExecutor$Worker.run(ThreadPoolExecutor.java:614)
	at java.base/java.lang.Thread.run(Thread.java:1474)
Caused by: java.lang.OutOfMemoryError: Java heap space
	at java.base/java.util.zip.InflaterInputStream.<init>(InflaterInputStream.java:111)
	at java.base/java.util.zip.ZipFile$ZipFileInflaterInputStream.<init>(ZipFile.java:426)
	at java.base/java.util.zip.ZipFile$ZipFileInflaterInputStream.<init>(ZipFile.java:420)
	at java.base/java.util.zip.ZipFile.getInputStream(ZipFile.java:358)
	at java.base/java.util.jar.JarFile.getInputStream(JarFile.java:834)
	at java.base/jdk.internal.loader.URLClassPath$JarLoader$1.getInputStream(URLClassPath.java:716)
	at java.base/jdk.internal.loader.Resource.cachedInputStream(Resource.java:76)
	at java.base/jdk.internal.loader.Resource.getByteBuffer(Resource.java:133)
	at java.base/java.net.URLClassLoader.defineClass(URLClassLoader.java:441)
	at java.base/java.net.URLClassLoader.findClass(URLClassLoader.java:367)
	at org.gradle.internal.classloader.VisitableURLClassLoader$InstrumentingVisitableURLClassLoader.findClass(VisitableURLClassLoader.java:189)
	at java.base/java.lang.ClassLoader.loadClass(ClassLoader.java:557)
	at java.base/java.lang.ClassLoader.loadClass(ClassLoader.java:490)
	at org.jetbrains.kotlin.gradle.logging.GradleBufferingMessageCollector.report(GradleBufferingMessageCollector.kt:24)
	at org.jetbrains.kotlin.cli.common.messages.MessageCollector.report$default(MessageCollector.kt:12)
	at org.jetbrains.kotlin.daemon.client.BasicCompilerServicesWithResultsFacadeServerKt.reportFromDaemon(BasicCompilerServicesWithResultsFacadeServer.kt:54)
	at org.jetbrains.kotlin.compilerRunner.GradleCompilerServicesFacadeImpl.report(GradleIncrementalCompilerServicesFacadeImpl.kt:43)
	at java.base/java.lang.invoke.LambdaForm$DMH/0x0000000096ab4400.invokeInterface(LambdaForm$DMH)
	at java.base/java.lang.invoke.LambdaForm$MH/0x0000000096a0c400.invoke(LambdaForm$MH)
	at java.base/java.lang.invoke.Invokers$Holder.invokeExact_MT(Invokers$Holder)
	at java.base/jdk.internal.reflect.DirectMethodHandleAccessor.invokeImpl(DirectMethodHandleAccessor.java:158)
	at java.base/jdk.internal.reflect.DirectMethodHandleAccessor.invoke(DirectMethodHandleAccessor.java:104)
	at java.base/java.lang.reflect.Method.invoke(Method.java:565)
	at java.rmi/sun.rmi.server.UnicastServerRef.dispatch(UnicastServerRef.java:351)
	at java.rmi/sun.rmi.transport.Transport.serviceCall(Transport.java:166)
	at java.rmi/sun.rmi.transport.tcp.TCPTransport.handleMessages(TCPTransport.java:543)
	at java.rmi/sun.rmi.transport.tcp.TCPTransport$ConnectionHandler.run0(TCPTransport.java:744)
	at java.rmi/sun.rmi.transport.tcp.TCPTransport$ConnectionHandler.run(TCPTransport.java:623)
	at java.base/java.util.concurrent.ThreadPoolExecutor.runWorker(ThreadPoolExecutor.java:1090)
	at java.base/java.util.concurrent.ThreadPoolExecutor$Worker.run(ThreadPoolExecutor.java:614)
	at java.base/java.lang.Thread.runWith(Thread.java:1487)
	... 1 more


